2017-09-08 17:44:09,956 - Log4JLogChute initialized using file 'velocity.log'
2017-09-08 17:44:09,957 - Initializing Velocity, Calling init()...
2017-09-08 17:44:09,957 - Starting Apache Velocity v1.7 (compiled: 2010-11-19 12:14:37)
2017-09-08 17:44:09,957 - Default Properties File: org\apache\velocity\runtime\defaults\velocity.properties
2017-09-08 17:44:09,957 - Trying to use logger class org.apache.velocity.runtime.log.AvalonLogChute
2017-09-08 17:44:09,957 - Target log system for org.apache.velocity.runtime.log.AvalonLogChute is not available (java.lang.NoClassDefFoundError: org/apache/log/Priority).  Falling back to next log system...
2017-09-08 17:44:09,957 - Trying to use logger class org.apache.velocity.runtime.log.Log4JLogChute
2017-09-08 17:44:09,957 - Using logger class org.apache.velocity.runtime.log.Log4JLogChute
2017-09-08 17:44:09,961 - ResourceLoader instantiated: org.apache.velocity.runtime.resource.loader.FileResourceLoader
2017-09-08 17:44:09,964 - Do unicode file recognition:  false
2017-09-08 17:44:09,964 - FileResourceLoader : adding path '.'
2017-09-08 17:44:30,068 - Log4JLogChute initialized using file 'velocity.log'
2017-09-08 17:44:30,068 - Log4JLogChute initialized using file 'velocity.log'
2017-09-08 17:44:30,069 - Initializing Velocity, Calling init()...
2017-09-08 17:44:30,069 - Initializing Velocity, Calling init()...
2017-09-08 17:44:30,069 - Starting Apache Velocity v1.7 (compiled: 2010-11-19 12:14:37)
2017-09-08 17:44:30,069 - Starting Apache Velocity v1.7 (compiled: 2010-11-19 12:14:37)
2017-09-08 17:44:30,069 - Default Properties File: org\apache\velocity\runtime\defaults\velocity.properties
2017-09-08 17:44:30,069 - Default Properties File: org\apache\velocity\runtime\defaults\velocity.properties
2017-09-08 17:44:30,069 - Trying to use logger class org.apache.velocity.runtime.log.AvalonLogChute
2017-09-08 17:44:30,069 - Trying to use logger class org.apache.velocity.runtime.log.AvalonLogChute
2017-09-08 17:44:30,069 - Target log system for org.apache.velocity.runtime.log.AvalonLogChute is not available (java.lang.NoClassDefFoundError: Could not initialize class org.apache.velocity.runtime.log.AvalonLogChute).  Falling back to next log system...
2017-09-08 17:44:30,069 - Target log system for org.apache.velocity.runtime.log.AvalonLogChute is not available (java.lang.NoClassDefFoundError: Could not initialize class org.apache.velocity.runtime.log.AvalonLogChute).  Falling back to next log system...
2017-09-08 17:44:30,069 - Trying to use logger class org.apache.velocity.runtime.log.Log4JLogChute
2017-09-08 17:44:30,069 - Trying to use logger class org.apache.velocity.runtime.log.Log4JLogChute
2017-09-08 17:44:30,069 - Using logger class org.apache.velocity.runtime.log.Log4JLogChute
2017-09-08 17:44:30,069 - Using logger class org.apache.velocity.runtime.log.Log4JLogChute
2017-09-08 17:44:30,069 - ResourceLoader instantiated: org.apache.velocity.runtime.resource.loader.FileResourceLoader
2017-09-08 17:44:30,069 - ResourceLoader instantiated: org.apache.velocity.runtime.resource.loader.FileResourceLoader
2017-09-08 17:44:30,069 - Do unicode file recognition:  false
2017-09-08 17:44:30,069 - Do unicode file recognition:  false
2017-09-08 17:44:30,069 - FileResourceLoader : adding path '.'
2017-09-08 17:44:30,069 - FileResourceLoader : adding path '.'
2017-09-08 17:46:26,715 - Log4JLogChute initialized using file 'velocity.log'
2017-09-08 17:46:26,715 - Initializing Velocity, Calling init()...
2017-09-08 17:46:26,715 - Starting Apache Velocity v1.7 (compiled: 2010-11-19 12:14:37)
2017-09-08 17:46:26,715 - Default Properties File: org\apache\velocity\runtime\defaults\velocity.properties
2017-09-08 17:46:26,715 - Trying to use logger class org.apache.velocity.runtime.log.AvalonLogChute
2017-09-08 17:46:26,715 - Target log system for org.apache.velocity.runtime.log.AvalonLogChute is not available (java.lang.NoClassDefFoundError: org/apache/log/Priority).  Falling back to next log system...
2017-09-08 17:46:26,715 - Trying to use logger class org.apache.velocity.runtime.log.Log4JLogChute
2017-09-08 17:46:26,715 - Using logger class org.apache.velocity.runtime.log.Log4JLogChute
2017-09-08 17:46:26,719 - ResourceLoader instantiated: org.apache.velocity.runtime.resource.loader.FileResourceLoader
2017-09-08 17:46:26,719 - Do unicode file recognition:  false
2017-09-08 17:46:26,720 - FileResourceLoader : adding path '.'
2017-09-08 17:46:26,729 - ResourceCache: initialized (class org.apache.velocity.runtime.resource.ResourceCacheImpl) with class java.util.Collections$SynchronizedMap cache map.
2017-09-08 17:46:26,732 - Loaded System Directive: org.apache.velocity.runtime.directive.Stop
2017-09-08 17:46:26,733 - Loaded System Directive: org.apache.velocity.runtime.directive.Define
2017-09-08 17:46:26,733 - Loaded System Directive: org.apache.velocity.runtime.directive.Break
2017-09-08 17:46:26,734 - Loaded System Directive: org.apache.velocity.runtime.directive.Evaluate
2017-09-08 17:46:26,734 - Loaded System Directive: org.apache.velocity.runtime.directive.Literal
2017-09-08 17:46:26,735 - Loaded System Directive: org.apache.velocity.runtime.directive.Macro
2017-09-08 17:46:26,736 - Loaded System Directive: org.apache.velocity.runtime.directive.Parse
2017-09-08 17:46:26,737 - Loaded System Directive: org.apache.velocity.runtime.directive.Include
2017-09-08 17:46:26,738 - Loaded System Directive: org.apache.velocity.runtime.directive.Foreach
2017-09-08 17:46:26,750 - Created '20' parsers.
2017-09-08 17:46:26,752 - Velocimacro : "velocimacro.library" is not set.  Trying default library: VM_global_library.vm
2017-09-08 17:46:26,752 - Velocimacro : Default library not found.
2017-09-08 17:46:26,752 - Velocimacro : allowInline = true : VMs can be defined inline in templates
2017-09-08 17:46:26,752 - Velocimacro : allowInlineToOverride = false : VMs defined inline may NOT replace previous VM definitions
2017-09-08 17:46:26,752 - Velocimacro : allowInlineLocal = false : VMs defined inline will be global in scope if allowed.
2017-09-08 17:46:26,752 - Velocimacro : autoload off : VM system will not automatically reload global library macros
2017-09-08 17:46:26,755 - ResourceManager : unable to find resource 'mailreceipt.html' in any resource loader.
2017-09-08 17:50:02,741 - Log4JLogChute initialized using file 'velocity.log'
2017-09-08 17:50:02,742 - Initializing Velocity, Calling init()...
2017-09-08 17:50:02,742 - Starting Apache Velocity v1.7 (compiled: 2010-11-19 12:14:37)
2017-09-08 17:50:02,742 - Default Properties File: org\apache\velocity\runtime\defaults\velocity.properties
2017-09-08 17:50:02,742 - Trying to use logger class org.apache.velocity.runtime.log.AvalonLogChute
2017-09-08 17:50:02,742 - Target log system for org.apache.velocity.runtime.log.AvalonLogChute is not available (java.lang.NoClassDefFoundError: org/apache/log/Priority).  Falling back to next log system...
2017-09-08 17:50:02,742 - Trying to use logger class org.apache.velocity.runtime.log.Log4JLogChute
2017-09-08 17:50:02,742 - Using logger class org.apache.velocity.runtime.log.Log4JLogChute
2017-09-08 17:50:02,745 - ResourceLoader instantiated: org.apache.velocity.runtime.resource.loader.FileResourceLoader
2017-09-08 17:50:02,746 - Do unicode file recognition:  false
2017-09-08 17:50:02,746 - FileResourceLoader : adding path '.'
2017-09-08 17:50:02,753 - ResourceCache: initialized (class org.apache.velocity.runtime.resource.ResourceCacheImpl) with class java.util.Collections$SynchronizedMap cache map.
2017-09-08 17:50:02,754 - Loaded System Directive: org.apache.velocity.runtime.directive.Stop
2017-09-08 17:50:02,755 - Loaded System Directive: org.apache.velocity.runtime.directive.Define
2017-09-08 17:50:02,755 - Loaded System Directive: org.apache.velocity.runtime.directive.Break
2017-09-08 17:50:02,756 - Loaded System Directive: org.apache.velocity.runtime.directive.Evaluate
2017-09-08 17:50:02,756 - Loaded System Directive: org.apache.velocity.runtime.directive.Literal
2017-09-08 17:50:02,756 - Loaded System Directive: org.apache.velocity.runtime.directive.Macro
2017-09-08 17:50:02,757 - Loaded System Directive: org.apache.velocity.runtime.directive.Parse
2017-09-08 17:50:02,757 - Loaded System Directive: org.apache.velocity.runtime.directive.Include
2017-09-08 17:50:02,758 - Loaded System Directive: org.apache.velocity.runtime.directive.Foreach
2017-09-08 17:50:02,767 - Created '20' parsers.
2017-09-08 17:50:02,768 - Velocimacro : "velocimacro.library" is not set.  Trying default library: VM_global_library.vm
2017-09-08 17:50:02,769 - Velocimacro : Default library not found.
2017-09-08 17:50:02,769 - Velocimacro : allowInline = true : VMs can be defined inline in templates
2017-09-08 17:50:02,769 - Velocimacro : allowInlineToOverride = false : VMs defined inline may NOT replace previous VM definitions
2017-09-08 17:50:02,769 - Velocimacro : allowInlineLocal = false : VMs defined inline will be global in scope if allowed.
2017-09-08 17:50:02,769 - Velocimacro : autoload off : VM system will not automatically reload global library macros
2017-09-08 17:50:02,771 - ResourceManager : unable to find resource 'mailreceipt.html' in any resource loader.
2017-09-08 17:53:22,127 - Log4JLogChute initialized using file 'velocity.log'
2017-09-08 17:53:22,127 - Initializing Velocity, Calling init()...
2017-09-08 17:53:22,127 - Starting Apache Velocity v1.7 (compiled: 2010-11-19 12:14:37)
2017-09-08 17:53:22,127 - Default Properties File: org\apache\velocity\runtime\defaults\velocity.properties
2017-09-08 17:53:22,127 - Trying to use logger class org.apache.velocity.runtime.log.AvalonLogChute
2017-09-08 17:53:22,127 - Target log system for org.apache.velocity.runtime.log.AvalonLogChute is not available (java.lang.NoClassDefFoundError: org/apache/log/Priority).  Falling back to next log system...
2017-09-08 17:53:22,127 - Trying to use logger class org.apache.velocity.runtime.log.Log4JLogChute
2017-09-08 17:53:22,127 - Using logger class org.apache.velocity.runtime.log.Log4JLogChute
2017-09-08 17:53:22,131 - ResourceLoader instantiated: org.apache.velocity.runtime.resource.loader.FileResourceLoader
2017-09-08 17:53:22,132 - Do unicode file recognition:  false
2017-09-08 17:53:22,132 - FileResourceLoader : adding path '.'
2017-09-08 17:53:22,139 - ResourceCache: initialized (class org.apache.velocity.runtime.resource.ResourceCacheImpl) with class java.util.Collections$SynchronizedMap cache map.
2017-09-08 17:53:22,140 - Loaded System Directive: org.apache.velocity.runtime.directive.Stop
2017-09-08 17:53:22,141 - Loaded System Directive: org.apache.velocity.runtime.directive.Define
2017-09-08 17:53:22,141 - Loaded System Directive: org.apache.velocity.runtime.directive.Break
2017-09-08 17:53:22,141 - Loaded System Directive: org.apache.velocity.runtime.directive.Evaluate
2017-09-08 17:53:22,142 - Loaded System Directive: org.apache.velocity.runtime.directive.Literal
2017-09-08 17:53:22,142 - Loaded System Directive: org.apache.velocity.runtime.directive.Macro
2017-09-08 17:53:22,143 - Loaded System Directive: org.apache.velocity.runtime.directive.Parse
2017-09-08 17:53:22,143 - Loaded System Directive: org.apache.velocity.runtime.directive.Include
2017-09-08 17:53:22,144 - Loaded System Directive: org.apache.velocity.runtime.directive.Foreach
2017-09-08 17:53:22,154 - Created '20' parsers.
2017-09-08 17:53:22,155 - Velocimacro : "velocimacro.library" is not set.  Trying default library: VM_global_library.vm
2017-09-08 17:53:22,155 - Velocimacro : Default library not found.
2017-09-08 17:53:22,155 - Velocimacro : allowInline = true : VMs can be defined inline in templates
2017-09-08 17:53:22,155 - Velocimacro : allowInlineToOverride = false : VMs defined inline may NOT replace previous VM definitions
2017-09-08 17:53:22,155 - Velocimacro : allowInlineLocal = false : VMs defined inline will be global in scope if allowed.
2017-09-08 17:53:22,155 - Velocimacro : autoload off : VM system will not automatically reload global library macros
2017-09-08 17:53:22,157 - ResourceManager : unable to find resource 'mailreceipt.html' in any resource loader.
2017-09-08 17:55:53,948 - Log4JLogChute initialized using file 'velocity.log'
2017-09-08 17:55:53,949 - Initializing Velocity, Calling init()...
2017-09-08 17:55:53,949 - Starting Apache Velocity v1.7 (compiled: 2010-11-19 12:14:37)
2017-09-08 17:55:53,949 - Default Properties File: org\apache\velocity\runtime\defaults\velocity.properties
2017-09-08 17:55:53,949 - Trying to use logger class org.apache.velocity.runtime.log.AvalonLogChute
2017-09-08 17:55:53,949 - Target log system for org.apache.velocity.runtime.log.AvalonLogChute is not available (java.lang.NoClassDefFoundError: org/apache/log/Priority).  Falling back to next log system...
2017-09-08 17:55:53,949 - Trying to use logger class org.apache.velocity.runtime.log.Log4JLogChute
2017-09-08 17:55:53,949 - Using logger class org.apache.velocity.runtime.log.Log4JLogChute
2017-09-08 17:55:53,951 - ResourceLoader instantiated: org.apache.velocity.runtime.resource.loader.FileResourceLoader
2017-09-08 17:55:53,951 - Do unicode file recognition:  false
2017-09-08 17:55:53,952 - FileResourceLoader : adding path '.'
2017-09-08 17:55:53,957 - ResourceCache: initialized (class org.apache.velocity.runtime.resource.ResourceCacheImpl) with class java.util.Collections$SynchronizedMap cache map.
2017-09-08 17:55:53,958 - Loaded System Directive: org.apache.velocity.runtime.directive.Stop
2017-09-08 17:55:53,959 - Loaded System Directive: org.apache.velocity.runtime.directive.Define
2017-09-08 17:55:53,959 - Loaded System Directive: org.apache.velocity.runtime.directive.Break
2017-09-08 17:55:53,959 - Loaded System Directive: org.apache.velocity.runtime.directive.Evaluate
2017-09-08 17:55:53,960 - Loaded System Directive: org.apache.velocity.runtime.directive.Literal
2017-09-08 17:55:53,960 - Loaded System Directive: org.apache.velocity.runtime.directive.Macro
2017-09-08 17:55:53,961 - Loaded System Directive: org.apache.velocity.runtime.directive.Parse
2017-09-08 17:55:53,961 - Loaded System Directive: org.apache.velocity.runtime.directive.Include
2017-09-08 17:55:53,962 - Loaded System Directive: org.apache.velocity.runtime.directive.Foreach
2017-09-08 17:55:53,971 - Created '20' parsers.
2017-09-08 17:55:53,972 - Velocimacro : "velocimacro.library" is not set.  Trying default library: VM_global_library.vm
2017-09-08 17:55:53,972 - Velocimacro : Default library not found.
2017-09-08 17:55:53,973 - Velocimacro : allowInline = true : VMs can be defined inline in templates
2017-09-08 17:55:53,973 - Velocimacro : allowInlineToOverride = false : VMs defined inline may NOT replace previous VM definitions
2017-09-08 17:55:53,973 - Velocimacro : allowInlineLocal = false : VMs defined inline will be global in scope if allowed.
2017-09-08 17:55:53,973 - Velocimacro : autoload off : VM system will not automatically reload global library macros
2017-09-08 17:55:53,975 - ResourceManager : unable to find resource 'mailreceipt.html' in any resource loader.
2017-09-12 15:16:56,670 - Log4JLogChute initialized using file 'velocity.log'
2017-09-12 15:16:56,693 - Initializing Velocity, Calling init()...
2017-09-12 15:16:56,693 - Starting Apache Velocity v1.7 (compiled: 2010-11-19 12:14:37)
2017-09-12 15:16:56,693 - Default Properties File: org\apache\velocity\runtime\defaults\velocity.properties
2017-09-12 15:16:56,693 - Trying to use logger class org.apache.velocity.runtime.log.AvalonLogChute
2017-09-12 15:16:56,693 - Target log system for org.apache.velocity.runtime.log.AvalonLogChute is not available (java.lang.NoClassDefFoundError: org/apache/log/Priority).  Falling back to next log system...
2017-09-12 15:16:56,693 - Trying to use logger class org.apache.velocity.runtime.log.Log4JLogChute
2017-09-12 15:16:56,693 - Using logger class org.apache.velocity.runtime.log.Log4JLogChute
2017-09-12 15:16:56,696 - ResourceLoader instantiated: org.apache.velocity.tools.view.WebappResourceLoader
2017-09-12 15:16:56,697 - WebappResourceLoader: added template path - '/cp_services/WEB-INF/pages/'
2017-09-12 15:16:56,697 - WebappResourceLoader: unable to retrieve ServletContext
2017-09-12 15:16:56,703 - ResourceCache: initialized (class org.apache.velocity.runtime.resource.ResourceCacheImpl) with class java.util.Collections$SynchronizedMap cache map.
2017-09-12 15:16:56,704 - Loaded System Directive: org.apache.velocity.runtime.directive.Stop
2017-09-12 15:16:56,705 - Loaded System Directive: org.apache.velocity.runtime.directive.Define
2017-09-12 15:16:56,705 - Loaded System Directive: org.apache.velocity.runtime.directive.Break
2017-09-12 15:16:56,706 - Loaded System Directive: org.apache.velocity.runtime.directive.Evaluate
2017-09-12 15:16:56,706 - Loaded System Directive: org.apache.velocity.runtime.directive.Literal
2017-09-12 15:16:56,706 - Loaded System Directive: org.apache.velocity.runtime.directive.Macro
2017-09-12 15:16:56,707 - Loaded System Directive: org.apache.velocity.runtime.directive.Parse
2017-09-12 15:16:56,707 - Loaded System Directive: org.apache.velocity.runtime.directive.Include
2017-09-12 15:16:56,708 - Loaded System Directive: org.apache.velocity.runtime.directive.Foreach
2017-09-12 15:16:56,716 - Created '20' parsers.
2017-09-12 15:16:56,717 - Velocimacro : "velocimacro.library" is not set.  Trying default library: VM_global_library.vm
2017-09-12 15:54:51,549 - Log4JLogChute initialized using file 'velocity.log'
2017-09-12 15:54:51,549 - Initializing Velocity, Calling init()...
2017-09-12 15:54:51,549 - Starting Apache Velocity v1.7 (compiled: 2010-11-19 12:14:37)
2017-09-12 15:54:51,549 - Default Properties File: org\apache\velocity\runtime\defaults\velocity.properties
2017-09-12 15:54:51,549 - Trying to use logger class org.apache.velocity.runtime.log.AvalonLogChute
2017-09-12 15:54:51,549 - Target log system for org.apache.velocity.runtime.log.AvalonLogChute is not available (java.lang.NoClassDefFoundError: org/apache/log/Priority).  Falling back to next log system...
2017-09-12 15:54:51,549 - Trying to use logger class org.apache.velocity.runtime.log.Log4JLogChute
2017-09-12 15:54:51,549 - Using logger class org.apache.velocity.runtime.log.Log4JLogChute
2017-09-12 15:54:51,553 - ResourceLoader instantiated: org.apache.velocity.tools.view.WebappResourceLoader
2017-09-12 15:54:51,554 - WebappResourceLoader: added template path - '/cp_services/WEB-INF/pages/'
2017-09-12 15:54:51,554 - WebappResourceLoader: unable to retrieve ServletContext
2017-09-12 15:54:51,564 - ResourceCache: initialized (class org.apache.velocity.runtime.resource.ResourceCacheImpl) with class java.util.Collections$SynchronizedMap cache map.
2017-09-12 15:54:51,566 - Loaded System Directive: org.apache.velocity.runtime.directive.Stop
2017-09-12 15:54:51,566 - Loaded System Directive: org.apache.velocity.runtime.directive.Define
2017-09-12 15:54:51,567 - Loaded System Directive: org.apache.velocity.runtime.directive.Break
2017-09-12 15:54:51,567 - Loaded System Directive: org.apache.velocity.runtime.directive.Evaluate
2017-09-12 15:54:51,567 - Loaded System Directive: org.apache.velocity.runtime.directive.Literal
2017-09-12 15:54:51,568 - Loaded System Directive: org.apache.velocity.runtime.directive.Macro
2017-09-12 15:54:51,568 - Loaded System Directive: org.apache.velocity.runtime.directive.Parse
2017-09-12 15:54:51,568 - Loaded System Directive: org.apache.velocity.runtime.directive.Include
2017-09-12 15:54:51,569 - Loaded System Directive: org.apache.velocity.runtime.directive.Foreach
2017-09-12 15:54:51,578 - Created '20' parsers.
2017-09-12 15:54:51,579 - Velocimacro : "velocimacro.library" is not set.  Trying default library: VM_global_library.vm
2017-09-12 15:56:15,809 - Log4JLogChute initialized using file 'velocity.log'
2017-09-12 15:56:15,809 - Initializing Velocity, Calling init()...
2017-09-12 15:56:15,809 - Starting Apache Velocity v1.7 (compiled: 2010-11-19 12:14:37)
2017-09-12 15:56:15,809 - Default Properties File: org\apache\velocity\runtime\defaults\velocity.properties
2017-09-12 15:56:15,809 - Trying to use logger class org.apache.velocity.runtime.log.AvalonLogChute
2017-09-12 15:56:15,809 - Target log system for org.apache.velocity.runtime.log.AvalonLogChute is not available (java.lang.NoClassDefFoundError: org/apache/log/Priority).  Falling back to next log system...
2017-09-12 15:56:15,809 - Trying to use logger class org.apache.velocity.runtime.log.Log4JLogChute
2017-09-12 15:56:15,809 - Using logger class org.apache.velocity.runtime.log.Log4JLogChute
2017-09-12 15:56:15,813 - ResourceLoader instantiated: org.apache.velocity.tools.view.WebappResourceLoader
2017-09-12 15:56:15,814 - WebappResourceLoader: added template path - '/cp_services/WEB-INF/pages/'
2017-09-12 15:56:15,814 - WebappResourceLoader: unable to retrieve ServletContext
2017-09-12 15:56:15,820 - ResourceCache: initialized (class org.apache.velocity.runtime.resource.ResourceCacheImpl) with class java.util.Collections$SynchronizedMap cache map.
2017-09-12 15:56:15,821 - Loaded System Directive: org.apache.velocity.runtime.directive.Stop
2017-09-12 15:56:15,822 - Loaded System Directive: org.apache.velocity.runtime.directive.Define
2017-09-12 15:56:15,822 - Loaded System Directive: org.apache.velocity.runtime.directive.Break
2017-09-12 15:56:15,822 - Loaded System Directive: org.apache.velocity.runtime.directive.Evaluate
2017-09-12 15:56:15,823 - Loaded System Directive: org.apache.velocity.runtime.directive.Literal
2017-09-12 15:56:15,823 - Loaded System Directive: org.apache.velocity.runtime.directive.Macro
2017-09-12 15:56:15,823 - Loaded System Directive: org.apache.velocity.runtime.directive.Parse
2017-09-12 15:56:15,824 - Loaded System Directive: org.apache.velocity.runtime.directive.Include
2017-09-12 15:56:15,824 - Loaded System Directive: org.apache.velocity.runtime.directive.Foreach
2017-09-12 15:56:15,833 - Created '20' parsers.
2017-09-12 15:56:15,834 - Velocimacro : "velocimacro.library" is not set.  Trying default library: VM_global_library.vm
2017-09-20 12:18:55,908 - Log4JLogChute initialized using file 'velocity.log'
2017-09-20 12:18:55,908 - Initializing Velocity, Calling init()...
2017-09-20 12:18:55,908 - Starting Apache Velocity v1.7 (compiled: 2010-11-19 12:14:37)
2017-09-20 12:18:55,908 - Default Properties File: org\apache\velocity\runtime\defaults\velocity.properties
2017-09-20 12:18:55,908 - Trying to use logger class org.apache.velocity.runtime.log.AvalonLogChute
2017-09-20 12:18:55,908 - Target log system for org.apache.velocity.runtime.log.AvalonLogChute is not available (java.lang.NoClassDefFoundError: org/apache/log/Priority).  Falling back to next log system...
2017-09-20 12:18:55,908 - Trying to use logger class org.apache.velocity.runtime.log.Log4JLogChute
2017-09-20 12:18:55,908 - Using logger class org.apache.velocity.runtime.log.Log4JLogChute
2017-09-20 12:18:55,908 - ResourceLoader instantiated: org.apache.velocity.runtime.resource.loader.ClasspathResourceLoader
2017-09-20 12:18:55,912 - ResourceLoader instantiated: org.apache.velocity.runtime.resource.loader.FileResourceLoader
2017-09-20 12:18:55,912 - Do unicode file recognition:  false
2017-09-20 12:18:55,912 - FileResourceLoader : adding path '.'
2017-09-20 12:18:55,916 - ResourceCache: initialized (class org.apache.velocity.runtime.resource.ResourceCacheImpl) with class java.util.Collections$SynchronizedMap cache map.
2017-09-20 12:18:55,920 - Loaded System Directive: org.apache.velocity.runtime.directive.Stop
2017-09-20 12:18:55,920 - Loaded System Directive: org.apache.velocity.runtime.directive.Define
2017-09-20 12:18:55,920 - Loaded System Directive: org.apache.velocity.runtime.directive.Break
2017-09-20 12:18:55,920 - Loaded System Directive: org.apache.velocity.runtime.directive.Evaluate
2017-09-20 12:18:55,920 - Loaded System Directive: org.apache.velocity.runtime.directive.Literal
2017-09-20 12:18:55,920 - Loaded System Directive: org.apache.velocity.runtime.directive.Macro
2017-09-20 12:18:55,920 - Loaded System Directive: org.apache.velocity.runtime.directive.Parse
2017-09-20 12:18:55,920 - Loaded System Directive: org.apache.velocity.runtime.directive.Include
2017-09-20 12:18:55,924 - Loaded System Directive: org.apache.velocity.runtime.directive.Foreach
2017-09-20 12:18:55,932 - Created '20' parsers.
2017-09-20 12:18:55,932 - Velocimacro : "velocimacro.library" is not set.  Trying default library: VM_global_library.vm
2017-09-20 12:18:55,932 - Could not load resource 'VM_global_library.vm' from ResourceLoader org.apache.velocity.runtime.resource.loader.ClasspathResourceLoader: ClasspathResourceLoader Error: cannot find resource VM_global_library.vm
2017-09-20 12:18:55,932 - Velocimacro : Default library not found.
2017-09-20 12:18:55,936 - Velocimacro : allowInline = true : VMs can be defined inline in templates
2017-09-20 12:18:55,936 - Velocimacro : allowInlineToOverride = false : VMs defined inline may NOT replace previous VM definitions
2017-09-20 12:18:55,936 - Velocimacro : allowInlineLocal = false : VMs defined inline will be global in scope if allowed.
2017-09-20 12:18:55,936 - Velocimacro : autoload off : VM system will not automatically reload global library macros
2017-09-20 12:18:55,959 - ResourceManager : found AccountReceipt.html with loader org.apache.velocity.runtime.resource.loader.ClasspathResourceLoader
2017-09-21 17:09:59,605 - Log4JLogChute initialized using file 'velocity.log'
2017-09-21 17:09:59,605 - Initializing Velocity, Calling init()...
2017-09-21 17:09:59,605 - Starting Apache Velocity v1.7 (compiled: 2010-11-19 12:14:37)
2017-09-21 17:09:59,605 - Default Properties File: org\apache\velocity\runtime\defaults\velocity.properties
2017-09-21 17:09:59,605 - Trying to use logger class org.apache.velocity.runtime.log.AvalonLogChute
2017-09-21 17:09:59,605 - Target log system for org.apache.velocity.runtime.log.AvalonLogChute is not available (java.lang.NoClassDefFoundError: org/apache/log/Priority).  Falling back to next log system...
2017-09-21 17:09:59,605 - Trying to use logger class org.apache.velocity.runtime.log.Log4JLogChute
2017-09-21 17:09:59,605 - Using logger class org.apache.velocity.runtime.log.Log4JLogChute
2017-09-21 17:09:59,608 - ResourceLoader instantiated: org.apache.velocity.runtime.resource.loader.FileResourceLoader
2017-09-21 17:09:59,608 - Do unicode file recognition:  false
2017-09-21 17:09:59,608 - FileResourceLoader : adding path '.'
2017-09-21 17:09:59,615 - ResourceCache: initialized (class org.apache.velocity.runtime.resource.ResourceCacheImpl) with class java.util.Collections$SynchronizedMap cache map.
2017-09-21 17:09:59,617 - Loaded System Directive: org.apache.velocity.runtime.directive.Stop
2017-09-21 17:09:59,618 - Loaded System Directive: org.apache.velocity.runtime.directive.Define
2017-09-21 17:09:59,619 - Loaded System Directive: org.apache.velocity.runtime.directive.Break
2017-09-21 17:09:59,619 - Loaded System Directive: org.apache.velocity.runtime.directive.Evaluate
2017-09-21 17:09:59,620 - Loaded System Directive: org.apache.velocity.runtime.directive.Literal
2017-09-21 17:09:59,620 - Loaded System Directive: org.apache.velocity.runtime.directive.Macro
2017-09-21 17:09:59,621 - Loaded System Directive: org.apache.velocity.runtime.directive.Parse
2017-09-21 17:09:59,621 - Loaded System Directive: org.apache.velocity.runtime.directive.Include
2017-09-21 17:09:59,622 - Loaded System Directive: org.apache.velocity.runtime.directive.Foreach
2017-09-21 17:09:59,632 - Created '20' parsers.
2017-09-21 17:09:59,633 - Velocimacro : "velocimacro.library" is not set.  Trying default library: VM_global_library.vm
2017-09-21 17:09:59,633 - Velocimacro : Default library not found.
2017-09-21 17:09:59,633 - Velocimacro : allowInline = true : VMs can be defined inline in templates
2017-09-21 17:09:59,633 - Velocimacro : allowInlineToOverride = false : VMs defined inline may NOT replace previous VM definitions
2017-09-21 17:09:59,633 - Velocimacro : allowInlineLocal = false : VMs defined inline will be global in scope if allowed.
2017-09-21 17:09:59,633 - Velocimacro : autoload off : VM system will not automatically reload global library macros
2017-09-21 17:09:59,635 - ResourceManager : unable to find resource 'mpin.html' in any resource loader.
2017-09-21 17:10:48,084 - Log4JLogChute initialized using file 'velocity.log'
2017-09-21 17:10:48,085 - Initializing Velocity, Calling init()...
2017-09-21 17:10:48,085 - Starting Apache Velocity v1.7 (compiled: 2010-11-19 12:14:37)
2017-09-21 17:10:48,085 - Default Properties File: org\apache\velocity\runtime\defaults\velocity.properties
2017-09-21 17:10:48,085 - Trying to use logger class org.apache.velocity.runtime.log.AvalonLogChute
2017-09-21 17:10:48,085 - Target log system for org.apache.velocity.runtime.log.AvalonLogChute is not available (java.lang.NoClassDefFoundError: org/apache/log/Priority).  Falling back to next log system...
2017-09-21 17:10:48,085 - Trying to use logger class org.apache.velocity.runtime.log.Log4JLogChute
2017-09-21 17:10:48,085 - Using logger class org.apache.velocity.runtime.log.Log4JLogChute
2017-09-21 17:10:48,087 - ResourceLoader instantiated: org.apache.velocity.runtime.resource.loader.FileResourceLoader
2017-09-21 17:10:48,088 - Do unicode file recognition:  false
2017-09-21 17:10:48,088 - FileResourceLoader : adding path '.'
2017-09-21 17:10:48,093 - ResourceCache: initialized (class org.apache.velocity.runtime.resource.ResourceCacheImpl) with class java.util.Collections$SynchronizedMap cache map.
2017-09-21 17:10:48,096 - Loaded System Directive: org.apache.velocity.runtime.directive.Stop
2017-09-21 17:10:48,097 - Loaded System Directive: org.apache.velocity.runtime.directive.Define
2017-09-21 17:10:48,098 - Loaded System Directive: org.apache.velocity.runtime.directive.Break
2017-09-21 17:10:48,098 - Loaded System Directive: org.apache.velocity.runtime.directive.Evaluate
2017-09-21 17:10:48,099 - Loaded System Directive: org.apache.velocity.runtime.directive.Literal
2017-09-21 17:10:48,099 - Loaded System Directive: org.apache.velocity.runtime.directive.Macro
2017-09-21 17:10:48,100 - Loaded System Directive: org.apache.velocity.runtime.directive.Parse
2017-09-21 17:10:48,100 - Loaded System Directive: org.apache.velocity.runtime.directive.Include
2017-09-21 17:10:48,101 - Loaded System Directive: org.apache.velocity.runtime.directive.Foreach
2017-09-21 17:10:48,110 - Created '20' parsers.
2017-09-21 17:10:48,111 - Velocimacro : "velocimacro.library" is not set.  Trying default library: VM_global_library.vm
2017-09-21 17:10:48,111 - Velocimacro : Default library not found.
2017-09-21 17:10:48,111 - Velocimacro : allowInline = true : VMs can be defined inline in templates
2017-09-21 17:10:48,111 - Velocimacro : allowInlineToOverride = false : VMs defined inline may NOT replace previous VM definitions
2017-09-21 17:10:48,111 - Velocimacro : allowInlineLocal = false : VMs defined inline will be global in scope if allowed.
2017-09-21 17:10:48,111 - Velocimacro : autoload off : VM system will not automatically reload global library macros
2017-09-21 17:10:48,114 - ResourceManager : unable to find resource 'mpin.html' in any resource loader.
2017-09-21 17:11:17,338 - Log4JLogChute initialized using file 'velocity.log'
2017-09-21 17:11:17,338 - Initializing Velocity, Calling init()...
2017-09-21 17:11:17,338 - Starting Apache Velocity v1.7 (compiled: 2010-11-19 12:14:37)
2017-09-21 17:11:17,338 - Default Properties File: org\apache\velocity\runtime\defaults\velocity.properties
2017-09-21 17:11:17,338 - Trying to use logger class org.apache.velocity.runtime.log.AvalonLogChute
2017-09-21 17:11:17,338 - Target log system for org.apache.velocity.runtime.log.AvalonLogChute is not available (java.lang.NoClassDefFoundError: org/apache/log/Priority).  Falling back to next log system...
2017-09-21 17:11:17,338 - Trying to use logger class org.apache.velocity.runtime.log.Log4JLogChute
2017-09-21 17:11:17,338 - Using logger class org.apache.velocity.runtime.log.Log4JLogChute
2017-09-21 17:11:17,341 - ResourceLoader instantiated: org.apache.velocity.runtime.resource.loader.FileResourceLoader
2017-09-21 17:11:17,341 - Do unicode file recognition:  false
2017-09-21 17:11:17,341 - FileResourceLoader : adding path '.'
2017-09-21 17:11:17,347 - ResourceCache: initialized (class org.apache.velocity.runtime.resource.ResourceCacheImpl) with class java.util.Collections$SynchronizedMap cache map.
2017-09-21 17:11:17,350 - Loaded System Directive: org.apache.velocity.runtime.directive.Stop
2017-09-21 17:11:17,350 - Loaded System Directive: org.apache.velocity.runtime.directive.Define
2017-09-21 17:11:17,351 - Loaded System Directive: org.apache.velocity.runtime.directive.Break
2017-09-21 17:11:17,351 - Loaded System Directive: org.apache.velocity.runtime.directive.Evaluate
2017-09-21 17:11:17,351 - Loaded System Directive: org.apache.velocity.runtime.directive.Literal
2017-09-21 17:11:17,352 - Loaded System Directive: org.apache.velocity.runtime.directive.Macro
2017-09-21 17:11:17,352 - Loaded System Directive: org.apache.velocity.runtime.directive.Parse
2017-09-21 17:11:17,353 - Loaded System Directive: org.apache.velocity.runtime.directive.Include
2017-09-21 17:11:17,353 - Loaded System Directive: org.apache.velocity.runtime.directive.Foreach
2017-09-21 17:11:17,361 - Created '20' parsers.
2017-09-21 17:11:17,363 - Velocimacro : "velocimacro.library" is not set.  Trying default library: VM_global_library.vm
2017-09-21 17:11:17,363 - Velocimacro : Default library not found.
2017-09-21 17:11:17,363 - Velocimacro : allowInline = true : VMs can be defined inline in templates
2017-09-21 17:11:17,364 - Velocimacro : allowInlineToOverride = false : VMs defined inline may NOT replace previous VM definitions
2017-09-21 17:11:17,364 - Velocimacro : allowInlineLocal = false : VMs defined inline will be global in scope if allowed.
2017-09-21 17:11:17,364 - Velocimacro : autoload off : VM system will not automatically reload global library macros
2017-09-21 17:11:17,366 - ResourceManager : unable to find resource 'mpin.html' in any resource loader.
